<?xml version="1.0" encoding="UTF-8"?>
<!-- Generated by org.testng.reporters.JUnitReportReporter -->
<testsuite hostname="LAPTOP-RF51DTRA" failures="0" tests="1" name="TestCases.Bat" time="6.334" errors="0" timestamp="2023-09-07T16:26:06 IST" skipped="0">
  <testcase classname="TestCases.Bat" name="launchBrower" time="6.334"/>
</testsuite> <!-- TestCases.Bat -->
