<?xml version="1.0" encoding="UTF-8"?>
<!-- Generated by org.testng.reporters.JUnitReportReporter -->
<testsuite hostname="LAPTOP-RF51DTRA" failures="0" tests="1" name="TestCases.HandelingExcelSheet" time="0.893" errors="0" timestamp="2023-09-07T20:56:55 IST" skipped="0">
  <testcase classname="TestCases.HandelingExcelSheet" name="loginFunctionality" time="0.893"/>
</testsuite> <!-- TestCases.HandelingExcelSheet -->
