<?xml version="1.0" encoding="UTF-8"?>
<!-- Generated by org.testng.reporters.JUnitReportReporter -->
<testsuite hostname="LAPTOP-RF51DTRA" failures="0" tests="1" name="TestCases.Capture_ScreenShot" time="49.628" errors="0" timestamp="2023-09-08T18:05:00 IST" skipped="0">
  <testcase classname="TestCases.Capture_ScreenShot" name="screenshotcapture" time="49.628"/>
</testsuite> <!-- TestCases.Capture_ScreenShot -->
