<?xml version="1.0" encoding="UTF-8"?>
<!-- Generated by org.testng.reporters.JUnitReportReporter -->
<testsuite hostname="LAPTOP-RF51DTRA" failures="0" tests="1" name="simplePrograms.ExperiTwo" time="0.002" errors="0" timestamp="2023-08-30T21:05:16 IST" skipped="0">
  <testcase classname="simplePrograms.ExperiTwo" name="afterMethod" time="0.002"/>
</testsuite> <!-- simplePrograms.ExperiTwo -->
