<?xml version="1.0" encoding="UTF-8"?>
<!-- Generated by org.testng.reporters.JUnitReportReporter -->
<testsuite hostname="LAPTOP-RF51DTRA" failures="0" tests="3" name="Demo.A" time="0.022" errors="0" timestamp="2023-09-07T01:27:03 IST" skipped="0">
  <testcase classname="Demo.A" name="M3" time="0.006"/>
  <testcase classname="Demo.A" name="M2" time="0.006"/>
  <testcase classname="Demo.A" name="M1" time="0.010"/>
</testsuite> <!-- Demo.A -->
