<?xml version="1.0" encoding="UTF-8"?>
<!-- Generated by org.testng.reporters.JUnitReportReporter -->
<testsuite hostname="LAPTOP-RF51DTRA" failures="0" tests="1" name="simplePrograms.Anno" time="0.016" errors="0" timestamp="2023-08-26T21:50:03 IST" skipped="0">
  <testcase classname="simplePrograms.Anno" name="a1" time="0.016"/>
</testsuite> <!-- simplePrograms.Anno -->
