<?xml version="1.0" encoding="UTF-8"?>
<!-- Generated by org.testng.reporters.JUnitReportReporter -->
<testsuite hostname="LAPTOP-RF51DTRA" failures="0" tests="3" name="Demo.Annotation_Use" time="0.008" errors="0" timestamp="2023-09-07T01:26:21 IST" skipped="0">
  <testcase classname="Demo.Annotation_Use" name="M3" time="0.003"/>
  <testcase classname="Demo.Annotation_Use" name="M1" time="0.004"/>
  <testcase classname="Demo.Annotation_Use" name="M2" time="0.001"/>
</testsuite> <!-- Demo.Annotation_Use -->
