<?xml version="1.0" encoding="UTF-8"?>
<!-- Generated by org.testng.reporters.JUnitReportReporter -->
<testsuite hostname="LAPTOP-RF51DTRA" failures="0" tests="3" name="Demo.Bb" time="0.089" errors="0" timestamp="2023-09-07T00:55:46 IST" skipped="0">
  <testcase classname="Demo.Bb" name="M1" time="0.018"/>
  <testcase classname="Demo.Bb" name="M2" time="0.068"/>
  <testcase classname="Demo.Bb" name="M3" time="0.003"/>
</testsuite> <!-- Demo.Bb -->
