<?xml version="1.0" encoding="UTF-8"?>
<!-- Generated by org.testng.reporters.JUnitReportReporter -->
<testsuite hostname="LAPTOP-RF51DTRA" failures="0" tests="3" name="simplePrograms.Annotation_Use1" time="0.018" errors="0" timestamp="2023-08-30T21:05:16 IST" skipped="0">
  <testcase classname="simplePrograms.Annotation_Use1" name="m1" time="0.005"/>
  <testcase classname="simplePrograms.Annotation_Use1" name="m2" time="0.005"/>
  <testcase classname="simplePrograms.Annotation_Use1" name="m3" time="0.008"/>
</testsuite> <!-- simplePrograms.Annotation_Use1 -->
