<?xml version="1.0" encoding="UTF-8"?>
<!-- Generated by org.testng.reporters.JUnitReportReporter -->
<testsuite hostname="LAPTOP-RF51DTRA" failures="0" tests="3" name="simplePrograms.Attributes_Enabled" time="0.012" errors="0" timestamp="2023-08-30T21:05:16 IST" skipped="1">
  <testcase classname="simplePrograms.Attributes_Enabled" name="m2" time="0.010"/>
  <testcase classname="simplePrograms.Attributes_Enabled" name="m3" time="0.002"/>
  <testcase classname="simplePrograms.Attributes_Enabled" name="m1">
    <skipped/>
  </testcase> <!-- m1 -->
</testsuite> <!-- simplePrograms.Attributes_Enabled -->
