<?xml version="1.0" encoding="UTF-8"?>
<!-- Generated by org.testng.reporters.JUnitReportReporter -->
<testsuite hostname="LAPTOP-RF51DTRA" failures="0" tests="3" name="simplePrograms.SecondProgram" time="0.011" errors="0" timestamp="2023-08-30T21:05:16 IST" skipped="0">
  <testcase classname="simplePrograms.SecondProgram" name="login" time="0.004"/>
  <testcase classname="simplePrograms.SecondProgram" name="add" time="0.006"/>
  <testcase classname="simplePrograms.SecondProgram" name="sub" time="0.001"/>
</testsuite> <!-- simplePrograms.SecondProgram -->
