<?xml version="1.0" encoding="UTF-8"?>
<!-- Generated by org.testng.reporters.JUnitReportReporter -->
<testsuite hostname="LAPTOP-RF51DTRA" failures="0" tests="1" name="TestCases.Aa" time="5.878" errors="0" timestamp="2023-09-07T16:46:57 IST" skipped="0">
  <testcase classname="TestCases.Aa" name="M1" time="5.878"/>
</testsuite> <!-- TestCases.Aa -->
